This is pdfTeX, Version 3.14159265-2.6-1.40.21 (TeX Live 2020) (preloaded format=pdflatex 2021.2.12)  11 MAY 2021 20:14
entering extended mode
 restricted \write18 enabled.
 %&-line parsing enabled.
**/home/rashad/Desktop/cs267-final/final-report.tex
(/home/rashad/Desktop/cs267-final/final-report.tex
LaTeX2e <2020-10-01> patch level 4
L3 programming layer <2021-02-06>
(/home/rashad/.TinyTeX/texmf-dist/tex/latex/base/article.cls
Document Class: article 2020/04/10 v1.4m Standard LaTeX document class
(/home/rashad/.TinyTeX/texmf-dist/tex/latex/base/size12.clo
File: size12.clo 2020/04/10 v1.4m Standard LaTeX file (size option)
)
\c@part=\count177
\c@section=\count178
\c@subsection=\count179
\c@subsubsection=\count180
\c@paragraph=\count181
\c@subparagraph=\count182
\c@figure=\count183
\c@table=\count184
\abovecaptionskip=\skip47
\belowcaptionskip=\skip48
\bibindent=\dimen138
)

! LaTeX Error: File `listings.sty' not found.

Type X to quit or <RETURN> to proceed,
or enter new name. (Default extension: sty)

Enter file name: x

! Emergency stop.
<read *> 
         
l.11 
     
*** (cannot \read from terminal in nonstop modes)

 
Here is how much of TeX's memory you used:
 221 strings out of 481250
 2690 string characters out of 5915405
 268848 words of memory out of 5000000
 17250 multiletter control sequences out of 15000+600000
 403728 words of font info for 28 fonts, out of 8000000 for 9000
 14 hyphenation exceptions out of 8191
 44i,0n,50p,162b,36s stack positions out of 5000i,500n,10000p,200000b,80000s
!  ==> Fatal error occurred, no output PDF file produced!
